[debug] [2020-01-30T14:55:14.186Z] ----------------------------------------------------------------------
[debug] [2020-01-30T14:55:14.188Z] Command:       C:\Program Files\nodejs\node.exe C:\Users\SAGE\AppData\Roaming\npm\node_modules\firebase-tools\lib\bin\firebase.js serve
[debug] [2020-01-30T14:55:14.188Z] CLI Version:   7.12.1
[debug] [2020-01-30T14:55:14.188Z] Platform:      win32
[debug] [2020-01-30T14:55:14.188Z] Node Version:  v12.13.1
[debug] [2020-01-30T14:55:14.190Z] Time:          Thu Jan 30 2020 06:55:14 GMT-0800 (Pacific Standard Time)
[debug] [2020-01-30T14:55:14.190Z] ----------------------------------------------------------------------
[debug] [2020-01-30T14:55:14.190Z] 
[debug] [2020-01-30T14:55:14.198Z] > command requires scopes: ["email","openid","https://www.googleapis.com/auth/cloudplatformprojects.readonly","https://www.googleapis.com/auth/firebase","https://www.googleapis.com/auth/cloud-platform"]
[debug] [2020-01-30T14:55:14.199Z] > authorizing via signed-in user
[debug] [2020-01-30T14:55:14.199Z] [iam] checking project dsc-auca for permissions ["firebase.projects.get"]
[debug] [2020-01-30T14:55:14.201Z] >>> HTTP REQUEST POST https://cloudresourcemanager.googleapis.com/v1/projects/dsc-auca:testIamPermissions  

[debug] [2020-01-30T14:55:16.126Z] <<< HTTP RESPONSE 200
[debug] [2020-01-30T14:55:16.132Z] >>> HTTP REQUEST GET https://firebase.googleapis.com/v1beta1/projects/dsc-auca  
 
[debug] [2020-01-30T14:55:16.771Z] <<< HTTP RESPONSE 200
[info] 
[info] === Serving from 'F:\projects\dscsauca\website'...
[info] 
[debug] [2020-01-30T14:55:16.780Z] >>> HTTP REQUEST GET https://firebase.googleapis.com/v1beta1/projects/dsc-auca/webApps/-/config  
 
[debug] [2020-01-30T14:55:17.716Z] <<< HTTP RESPONSE 200
[info] i  hosting: Serving hosting files from: dist
[info] +  hosting: Local server: http://localhost:5000
